<?xml version="1.0" encoding="UTF-8"?>
<testsuite xmlns:xsi="http://www.w3.org/2001/XMLSchema-instance" xsi:noNamespaceSchemaLocation="https://maven.apache.org/surefire/maven-surefire-plugin/xsd/surefire-test-report.xsd" name="CucumberProj.CucumberProj.TestRunner" time="0.746" tests="4" errors="0" skipped="0" failures="0">
  <properties>
    <property name="gopherProxySet" value="false"/>
    <property name="awt.toolkit" value="sun.lwawt.macosx.LWCToolkit"/>
    <property name="file.encoding.pkg" value="sun.io"/>
    <property name="java.specification.version" value="1.8"/>
    <property name="sun.cpu.isalist" value=""/>
    <property name="sun.jnu.encoding" value="UTF-8"/>
    <property name="java.class.path" value="/Users/dhruvtyagi/Documents/NewWorkSpace/CucumberProj/target/test-classes:/Users/dhruvtyagi/Documents/NewWorkSpace/CucumberProj/target/classes:/Users/dhruvtyagi/.m2/repository/com/vimalselvam/cucumber-extentsreport/3.0.2/cucumber-extentsreport-3.0.2.jar:/Users/dhruvtyagi/.m2/repository/net/masterthought/cucumber-reporting/0.0.24/cucumber-reporting-0.0.24.jar:/Users/dhruvtyagi/.m2/repository/com/google/code/gson/gson/2.2.4/gson-2.2.4.jar:/Users/dhruvtyagi/.m2/repository/org/apache/velocity/velocity/1.7/velocity-1.7.jar:/Users/dhruvtyagi/.m2/repository/commons-collections/commons-collections/3.2.1/commons-collections-3.2.1.jar:/Users/dhruvtyagi/.m2/repository/commons-lang/commons-lang/2.4/commons-lang-2.4.jar:/Users/dhruvtyagi/.m2/repository/velocity-tools/velocity-tools/1.4/velocity-tools-1.4.jar:/Users/dhruvtyagi/.m2/repository/joda-time/joda-time/2.1/joda-time-2.1.jar:/Users/dhruvtyagi/.m2/repository/com/google/guava/guava/r09/guava-r09.jar:/Users/dhruvtyagi/.m2/repository/commons-io/commons-io/2.3/commons-io-2.3.jar:/Users/dhruvtyagi/.m2/repository/org/apache/maven/plugins/maven-gpg-plugin/1.4/maven-gpg-plugin-1.4.jar:/Users/dhruvtyagi/.m2/repository/org/apache/maven/maven-project/2.0.6/maven-project-2.0.6.jar:/Users/dhruvtyagi/.m2/repository/org/apache/maven/maven-settings/2.0.6/maven-settings-2.0.6.jar:/Users/dhruvtyagi/.m2/repository/org/apache/maven/maven-profile/2.0.6/maven-profile-2.0.6.jar:/Users/dhruvtyagi/.m2/repository/org/apache/maven/maven-artifact-manager/2.0.6/maven-artifact-manager-2.0.6.jar:/Users/dhruvtyagi/.m2/repository/org/apache/maven/maven-repository-metadata/2.0.6/maven-repository-metadata-2.0.6.jar:/Users/dhruvtyagi/.m2/repository/org/apache/maven/wagon/wagon-provider-api/1.0-beta-2/wagon-provider-api-1.0-beta-2.jar:/Users/dhruvtyagi/.m2/repository/org/apache/maven/maven-plugin-registry/2.0.6/maven-plugin-registry-2.0.6.jar:/Users/dhruvtyagi/.m2/repository/org/apache/maven/maven-artifact/2.0.6/maven-artifact-2.0.6.jar:/Users/dhruvtyagi/.m2/repository/org/apache/maven/maven-model/2.0.6/maven-model-2.0.6.jar:/Users/dhruvtyagi/.m2/repository/org/codehaus/plexus/plexus-utils/2.0.5/plexus-utils-2.0.5.jar:/Users/dhruvtyagi/.m2/repository/com/googlecode/totallylazy/totallylazy/1.20/totallylazy-1.20.jar:/Users/dhruvtyagi/.m2/repository/org/jsoup/jsoup/1.7.2/jsoup-1.7.2.jar:/Users/dhruvtyagi/.m2/repository/junit/junit/4.12/junit-4.12.jar:/Users/dhruvtyagi/.m2/repository/org/hamcrest/hamcrest-core/1.3/hamcrest-core-1.3.jar:/Users/dhruvtyagi/.m2/repository/info/cukes/cucumber-core/1.2.5/cucumber-core-1.2.5.jar:/Users/dhruvtyagi/.m2/repository/info/cukes/cucumber-html/0.2.3/cucumber-html-0.2.3.jar:/Users/dhruvtyagi/.m2/repository/net/sourceforge/cobertura/cobertura/2.1.1/cobertura-2.1.1.jar:/Users/dhruvtyagi/.m2/repository/org/ow2/asm/asm/5.0.1/asm-5.0.1.jar:/Users/dhruvtyagi/.m2/repository/org/ow2/asm/asm-tree/5.0.1/asm-tree-5.0.1.jar:/Users/dhruvtyagi/.m2/repository/org/ow2/asm/asm-commons/5.0.1/asm-commons-5.0.1.jar:/Users/dhruvtyagi/.m2/repository/org/ow2/asm/asm-util/5.0.1/asm-util-5.0.1.jar:/Users/dhruvtyagi/.m2/repository/org/ow2/asm/asm-analysis/5.0.1/asm-analysis-5.0.1.jar:/Users/dhruvtyagi/.m2/repository/oro/oro/2.0.8/oro-2.0.8.jar:/Users/dhruvtyagi/.m2/repository/jaxen/jaxen/1.1.4/jaxen-1.1.4.jar:/Users/dhruvtyagi/.m2/repository/org/apache/ant/ant/1.8.3/ant-1.8.3.jar:/Users/dhruvtyagi/.m2/repository/org/apache/ant/ant-launcher/1.8.3/ant-launcher-1.8.3.jar:/Users/dhruvtyagi/.m2/repository/org/apache/ant/ant-junit/1.8.3/ant-junit-1.8.3.jar:/Users/dhruvtyagi/.m2/repository/org/mortbay/jetty/servlet-api-2.5/6.1.14/servlet-api-2.5-6.1.14.jar:/Users/dhruvtyagi/.m2/repository/org/mortbay/jetty/jetty/6.1.14/jetty-6.1.14.jar:/Users/dhruvtyagi/.m2/repository/org/mortbay/jetty/jetty-util/6.1.14/jetty-util-6.1.14.jar:/Library/Java/JavaVirtualMachines/jdk1.8.0_131.jdk/Contents/Home/jre/../lib/tools.jar:/Users/dhruvtyagi/.m2/repository/org/slf4j/slf4j-api/1.7.5/slf4j-api-1.7.5.jar:/Users/dhruvtyagi/.m2/repository/ch/qos/logback/logback-classic/1.0.13/logback-classic-1.0.13.jar:/Users/dhruvtyagi/.m2/repository/ch/qos/logback/logback-core/1.0.13/logback-core-1.0.13.jar:/Users/dhruvtyagi/.m2/repository/org/apache/commons/commons-lang3/3.3.2/commons-lang3-3.3.2.jar:/Users/dhruvtyagi/.m2/repository/info/cukes/cucumber-java/1.2.5/cucumber-java-1.2.5.jar:/Users/dhruvtyagi/.m2/repository/info/cukes/cucumber-junit/1.2.5/cucumber-junit-1.2.5.jar:/Users/dhruvtyagi/.m2/repository/info/cukes/cucumber-jvm-deps/1.0.5/cucumber-jvm-deps-1.0.5.jar:/Users/dhruvtyagi/.m2/repository/net/masterthought/maven-cucumber-reporting/3.13.0/maven-cucumber-reporting-3.13.0.jar:/Users/dhruvtyagi/.m2/repository/org/apache/maven/maven-plugin-api/3.3.9/maven-plugin-api-3.3.9.jar:/Users/dhruvtyagi/.m2/repository/org/eclipse/sisu/org.eclipse.sisu.plexus/0.3.2/org.eclipse.sisu.plexus-0.3.2.jar:/Users/dhruvtyagi/.m2/repository/javax/enterprise/cdi-api/1.0/cdi-api-1.0.jar:/Users/dhruvtyagi/.m2/repository/javax/annotation/jsr250-api/1.0/jsr250-api-1.0.jar:/Users/dhruvtyagi/.m2/repository/javax/inject/javax.inject/1/javax.inject-1.jar:/Users/dhruvtyagi/.m2/repository/org/eclipse/sisu/org.eclipse.sisu.inject/0.3.2/org.eclipse.sisu.inject-0.3.2.jar:/Users/dhruvtyagi/.m2/repository/org/codehaus/plexus/plexus-component-annotations/1.5.5/plexus-component-annotations-1.5.5.jar:/Users/dhruvtyagi/.m2/repository/org/codehaus/plexus/plexus-classworlds/2.5.2/plexus-classworlds-2.5.2.jar:/Users/dhruvtyagi/.m2/repository/info/cukes/gherkin/2.12.2/gherkin-2.12.2.jar:/Users/dhruvtyagi/.m2/repository/org/mockito/mockito-all/1.10.19/mockito-all-1.10.19.jar:"/>
    <property name="java.vm.vendor" value="Oracle Corporation"/>
    <property name="sun.arch.data.model" value="64"/>
    <property name="java.vendor.url" value="http://java.oracle.com/"/>
    <property name="user.timezone" value=""/>
    <property name="user.country.format" value="IN"/>
    <property name="java.vm.specification.version" value="1.8"/>
    <property name="os.name" value="Mac OS X"/>
    <property name="user.country" value="US"/>
    <property name="sun.java.launcher" value="SUN_STANDARD"/>
    <property name="sun.boot.library.path" value="/Library/Java/JavaVirtualMachines/jdk1.8.0_131.jdk/Contents/Home/jre/lib"/>
    <property name="sun.java.command" value="/Users/dhruvtyagi/Documents/NewWorkSpace/CucumberProj/target/surefire/surefirebooter4290530059974618883.jar /Users/dhruvtyagi/Documents/NewWorkSpace/CucumberProj/target/surefire 2018-01-16T21-40-39_781-jvmRun1 surefire6002888806324104205tmp surefire_09193082044998398542tmp"/>
    <property name="http.nonProxyHosts" value="local|*.local|169.254/16|*.169.254/16"/>
    <property name="surefire.test.class.path" value="/Users/dhruvtyagi/Documents/NewWorkSpace/CucumberProj/target/test-classes:/Users/dhruvtyagi/Documents/NewWorkSpace/CucumberProj/target/classes:/Users/dhruvtyagi/.m2/repository/com/vimalselvam/cucumber-extentsreport/3.0.2/cucumber-extentsreport-3.0.2.jar:/Users/dhruvtyagi/.m2/repository/net/masterthought/cucumber-reporting/0.0.24/cucumber-reporting-0.0.24.jar:/Users/dhruvtyagi/.m2/repository/com/google/code/gson/gson/2.2.4/gson-2.2.4.jar:/Users/dhruvtyagi/.m2/repository/org/apache/velocity/velocity/1.7/velocity-1.7.jar:/Users/dhruvtyagi/.m2/repository/commons-collections/commons-collections/3.2.1/commons-collections-3.2.1.jar:/Users/dhruvtyagi/.m2/repository/commons-lang/commons-lang/2.4/commons-lang-2.4.jar:/Users/dhruvtyagi/.m2/repository/velocity-tools/velocity-tools/1.4/velocity-tools-1.4.jar:/Users/dhruvtyagi/.m2/repository/joda-time/joda-time/2.1/joda-time-2.1.jar:/Users/dhruvtyagi/.m2/repository/com/google/guava/guava/r09/guava-r09.jar:/Users/dhruvtyagi/.m2/repository/commons-io/commons-io/2.3/commons-io-2.3.jar:/Users/dhruvtyagi/.m2/repository/org/apache/maven/plugins/maven-gpg-plugin/1.4/maven-gpg-plugin-1.4.jar:/Users/dhruvtyagi/.m2/repository/org/apache/maven/maven-project/2.0.6/maven-project-2.0.6.jar:/Users/dhruvtyagi/.m2/repository/org/apache/maven/maven-settings/2.0.6/maven-settings-2.0.6.jar:/Users/dhruvtyagi/.m2/repository/org/apache/maven/maven-profile/2.0.6/maven-profile-2.0.6.jar:/Users/dhruvtyagi/.m2/repository/org/apache/maven/maven-artifact-manager/2.0.6/maven-artifact-manager-2.0.6.jar:/Users/dhruvtyagi/.m2/repository/org/apache/maven/maven-repository-metadata/2.0.6/maven-repository-metadata-2.0.6.jar:/Users/dhruvtyagi/.m2/repository/org/apache/maven/wagon/wagon-provider-api/1.0-beta-2/wagon-provider-api-1.0-beta-2.jar:/Users/dhruvtyagi/.m2/repository/org/apache/maven/maven-plugin-registry/2.0.6/maven-plugin-registry-2.0.6.jar:/Users/dhruvtyagi/.m2/repository/org/apache/maven/maven-artifact/2.0.6/maven-artifact-2.0.6.jar:/Users/dhruvtyagi/.m2/repository/org/apache/maven/maven-model/2.0.6/maven-model-2.0.6.jar:/Users/dhruvtyagi/.m2/repository/org/codehaus/plexus/plexus-utils/2.0.5/plexus-utils-2.0.5.jar:/Users/dhruvtyagi/.m2/repository/com/googlecode/totallylazy/totallylazy/1.20/totallylazy-1.20.jar:/Users/dhruvtyagi/.m2/repository/org/jsoup/jsoup/1.7.2/jsoup-1.7.2.jar:/Users/dhruvtyagi/.m2/repository/junit/junit/4.12/junit-4.12.jar:/Users/dhruvtyagi/.m2/repository/org/hamcrest/hamcrest-core/1.3/hamcrest-core-1.3.jar:/Users/dhruvtyagi/.m2/repository/info/cukes/cucumber-core/1.2.5/cucumber-core-1.2.5.jar:/Users/dhruvtyagi/.m2/repository/info/cukes/cucumber-html/0.2.3/cucumber-html-0.2.3.jar:/Users/dhruvtyagi/.m2/repository/net/sourceforge/cobertura/cobertura/2.1.1/cobertura-2.1.1.jar:/Users/dhruvtyagi/.m2/repository/org/ow2/asm/asm/5.0.1/asm-5.0.1.jar:/Users/dhruvtyagi/.m2/repository/org/ow2/asm/asm-tree/5.0.1/asm-tree-5.0.1.jar:/Users/dhruvtyagi/.m2/repository/org/ow2/asm/asm-commons/5.0.1/asm-commons-5.0.1.jar:/Users/dhruvtyagi/.m2/repository/org/ow2/asm/asm-util/5.0.1/asm-util-5.0.1.jar:/Users/dhruvtyagi/.m2/repository/org/ow2/asm/asm-analysis/5.0.1/asm-analysis-5.0.1.jar:/Users/dhruvtyagi/.m2/repository/oro/oro/2.0.8/oro-2.0.8.jar:/Users/dhruvtyagi/.m2/repository/jaxen/jaxen/1.1.4/jaxen-1.1.4.jar:/Users/dhruvtyagi/.m2/repository/org/apache/ant/ant/1.8.3/ant-1.8.3.jar:/Users/dhruvtyagi/.m2/repository/org/apache/ant/ant-launcher/1.8.3/ant-launcher-1.8.3.jar:/Users/dhruvtyagi/.m2/repository/org/apache/ant/ant-junit/1.8.3/ant-junit-1.8.3.jar:/Users/dhruvtyagi/.m2/repository/org/mortbay/jetty/servlet-api-2.5/6.1.14/servlet-api-2.5-6.1.14.jar:/Users/dhruvtyagi/.m2/repository/org/mortbay/jetty/jetty/6.1.14/jetty-6.1.14.jar:/Users/dhruvtyagi/.m2/repository/org/mortbay/jetty/jetty-util/6.1.14/jetty-util-6.1.14.jar:/Library/Java/JavaVirtualMachines/jdk1.8.0_131.jdk/Contents/Home/jre/../lib/tools.jar:/Users/dhruvtyagi/.m2/repository/org/slf4j/slf4j-api/1.7.5/slf4j-api-1.7.5.jar:/Users/dhruvtyagi/.m2/repository/ch/qos/logback/logback-classic/1.0.13/logback-classic-1.0.13.jar:/Users/dhruvtyagi/.m2/repository/ch/qos/logback/logback-core/1.0.13/logback-core-1.0.13.jar:/Users/dhruvtyagi/.m2/repository/org/apache/commons/commons-lang3/3.3.2/commons-lang3-3.3.2.jar:/Users/dhruvtyagi/.m2/repository/info/cukes/cucumber-java/1.2.5/cucumber-java-1.2.5.jar:/Users/dhruvtyagi/.m2/repository/info/cukes/cucumber-junit/1.2.5/cucumber-junit-1.2.5.jar:/Users/dhruvtyagi/.m2/repository/info/cukes/cucumber-jvm-deps/1.0.5/cucumber-jvm-deps-1.0.5.jar:/Users/dhruvtyagi/.m2/repository/net/masterthought/maven-cucumber-reporting/3.13.0/maven-cucumber-reporting-3.13.0.jar:/Users/dhruvtyagi/.m2/repository/org/apache/maven/maven-plugin-api/3.3.9/maven-plugin-api-3.3.9.jar:/Users/dhruvtyagi/.m2/repository/org/eclipse/sisu/org.eclipse.sisu.plexus/0.3.2/org.eclipse.sisu.plexus-0.3.2.jar:/Users/dhruvtyagi/.m2/repository/javax/enterprise/cdi-api/1.0/cdi-api-1.0.jar:/Users/dhruvtyagi/.m2/repository/javax/annotation/jsr250-api/1.0/jsr250-api-1.0.jar:/Users/dhruvtyagi/.m2/repository/javax/inject/javax.inject/1/javax.inject-1.jar:/Users/dhruvtyagi/.m2/repository/org/eclipse/sisu/org.eclipse.sisu.inject/0.3.2/org.eclipse.sisu.inject-0.3.2.jar:/Users/dhruvtyagi/.m2/repository/org/codehaus/plexus/plexus-component-annotations/1.5.5/plexus-component-annotations-1.5.5.jar:/Users/dhruvtyagi/.m2/repository/org/codehaus/plexus/plexus-classworlds/2.5.2/plexus-classworlds-2.5.2.jar:/Users/dhruvtyagi/.m2/repository/info/cukes/gherkin/2.12.2/gherkin-2.12.2.jar:/Users/dhruvtyagi/.m2/repository/org/mockito/mockito-all/1.10.19/mockito-all-1.10.19.jar:"/>
    <property name="sun.cpu.endian" value="little"/>
    <property name="user.home" value="/Users/dhruvtyagi"/>
    <property name="user.language" value="en"/>
    <property name="java.specification.vendor" value="Oracle Corporation"/>
    <property name="java.home" value="/Library/Java/JavaVirtualMachines/jdk1.8.0_131.jdk/Contents/Home/jre"/>
    <property name="basedir" value="/Users/dhruvtyagi/Documents/NewWorkSpace/CucumberProj"/>
    <property name="file.separator" value="/"/>
    <property name="line.separator" value="&#10;"/>
    <property name="java.vm.specification.vendor" value="Oracle Corporation"/>
    <property name="java.specification.name" value="Java Platform API Specification"/>
    <property name="java.awt.graphicsenv" value="sun.awt.CGraphicsEnvironment"/>
    <property name="surefire.real.class.path" value="/Users/dhruvtyagi/Documents/NewWorkSpace/CucumberProj/target/surefire/surefirebooter4290530059974618883.jar"/>
    <property name="sun.boot.class.path" value="/Library/Java/JavaVirtualMachines/jdk1.8.0_131.jdk/Contents/Home/jre/lib/resources.jar:/Library/Java/JavaVirtualMachines/jdk1.8.0_131.jdk/Contents/Home/jre/lib/rt.jar:/Library/Java/JavaVirtualMachines/jdk1.8.0_131.jdk/Contents/Home/jre/lib/sunrsasign.jar:/Library/Java/JavaVirtualMachines/jdk1.8.0_131.jdk/Contents/Home/jre/lib/jsse.jar:/Library/Java/JavaVirtualMachines/jdk1.8.0_131.jdk/Contents/Home/jre/lib/jce.jar:/Library/Java/JavaVirtualMachines/jdk1.8.0_131.jdk/Contents/Home/jre/lib/charsets.jar:/Library/Java/JavaVirtualMachines/jdk1.8.0_131.jdk/Contents/Home/jre/lib/jfr.jar:/Library/Java/JavaVirtualMachines/jdk1.8.0_131.jdk/Contents/Home/jre/classes"/>
    <property name="sun.management.compiler" value="HotSpot 64-Bit Tiered Compilers"/>
    <property name="ftp.nonProxyHosts" value="local|*.local|169.254/16|*.169.254/16"/>
    <property name="java.runtime.version" value="1.8.0_131-b11"/>
    <property name="user.name" value="dhruvtyagi"/>
    <property name="path.separator" value=":"/>
    <property name="os.version" value="10.9.5"/>
    <property name="java.endorsed.dirs" value="/Library/Java/JavaVirtualMachines/jdk1.8.0_131.jdk/Contents/Home/jre/lib/endorsed"/>
    <property name="java.runtime.name" value="Java(TM) SE Runtime Environment"/>
    <property name="file.encoding" value="UTF-8"/>
    <property name="java.vm.name" value="Java HotSpot(TM) 64-Bit Server VM"/>
    <property name="localRepository" value="/Users/dhruvtyagi/.m2/repository"/>
    <property name="java.vendor.url.bug" value="http://bugreport.sun.com/bugreport/"/>
    <property name="java.io.tmpdir" value="/var/folders/8z/p8sf2_b15_j0df80c1hl02p80000gn/T/"/>
    <property name="java.version" value="1.8.0_131"/>
    <property name="user.dir" value="/Users/dhruvtyagi/Documents/NewWorkSpace/CucumberProj"/>
    <property name="os.arch" value="x86_64"/>
    <property name="java.vm.specification.name" value="Java Virtual Machine Specification"/>
    <property name="java.awt.printerjob" value="sun.lwawt.macosx.CPrinterJob"/>
    <property name="sun.os.patch.level" value="unknown"/>
    <property name="java.library.path" value="/Users/dhruvtyagi/Library/Java/Extensions:/Library/Java/Extensions:/Network/Library/Java/Extensions:/System/Library/Java/Extensions:/usr/lib/java:."/>
    <property name="java.vm.info" value="mixed mode"/>
    <property name="java.vendor" value="Oracle Corporation"/>
    <property name="java.vm.version" value="25.131-b11"/>
    <property name="java.ext.dirs" value="/Users/dhruvtyagi/Library/Java/Extensions:/Library/Java/JavaVirtualMachines/jdk1.8.0_131.jdk/Contents/Home/jre/lib/ext:/Library/Java/Extensions:/Network/Library/Java/Extensions:/System/Library/Java/Extensions:/usr/lib/java"/>
    <property name="sun.io.unicode.encoding" value="UnicodeBig"/>
    <property name="java.class.version" value="52.0"/>
    <property name="socksNonProxyHosts" value="local|*.local|169.254/16|*.169.254/16"/>
  </properties>
  <testcase name="Given start the app" classname="Scenario: To test" time="0.001"/>
  <testcase name="Then login" classname="Scenario: To test" time="0"/>
  <testcase name="When Shut" classname="Scenario: To test" time="0"/>
  <testcase name="Scenario: To test" classname="Scenario: To test" time="0.001"/>
</testsuite>